<?xml version="1.0" encoding="UTF-8"?>
<!-- Generated by org.testng.reporters.JUnitXMLReporter -->
<testsuite ignored="0" hostname="vicky" failures="0" tests="22" name="Keyword search Test" time="191.277" errors="0" timestamp="2023-01-10T15:41:38 IST">
  <testcase classname="orangeHRM.base.BaseClass" name="@AfterMethod testCloserIT" time="32.668">
    <failure type="org.openqa.selenium.WebDriverException" message="disconnected: unable to connect to renderer
  (failed to check if window was closed: disconnected: unable to connect to renderer)
  (Session info: chrome=108.0.5359.125)
Build info: version: &amp;apos;4.0.0&amp;apos;, revision: &amp;apos;3a21814679&amp;apos;
System info: host: &amp;apos;VICKY&amp;apos;, ip: &amp;apos;192.168.43.87&amp;apos;, os.name: &amp;apos;Windows 11&amp;apos;, os.arch: &amp;apos;amd64&amp;apos;, os.version: &amp;apos;10.0&amp;apos;, java.version: &amp;apos;17.0.3&amp;apos;
Driver info: org.openqa.selenium.chrome.ChromeDriver
Command: [b5359b8188aa26bb861f40c321404c73, close {}]
Capabilities {acceptInsecureCerts: false, browserName: chrome, browserVersion: 108.0.5359.125, chrome: {chromedriverVersion: 108.0.5359.71 (1e0e3868ee06..., userDataDir: C:\Users\vicky\AppData\Loca...}, goog:chromeOptions: {debuggerAddress: localhost:57972}, javascriptEnabled: true, networkConnectionEnabled: false, pageLoadStrategy: normal, platform: WINDOWS, platformName: WINDOWS, proxy: Proxy(), se:cdp: ws://localhost:57972/devtoo..., se:cdpVersion: 108.0.5359.125, setWindowRect: true, strictFileInteractability: false, timeouts: {implicit: 0, pageLoad: 300000, script: 30000}, unhandledPromptBehavior: dismiss and notify, webauthn:extension:credBlob: true, webauthn:extension:largeBlob: true, webauthn:virtualAuthenticators: true}
Session ID: b5359b8188aa26bb861f40c321404c73">
      <![CDATA[org.openqa.selenium.WebDriverException: disconnected: unable to connect to renderer
  (failed to check if window was closed: disconnected: unable to connect to renderer)
  (Session info: chrome=108.0.5359.125)
Build info: version: '4.0.0', revision: '3a21814679'
System info: host: 'VICKY', ip: '192.168.43.87', os.name: 'Windows 11', os.arch: 'amd64', os.version: '10.0', java.version: '17.0.3'
Driver info: org.openqa.selenium.chrome.ChromeDriver
Command: [b5359b8188aa26bb861f40c321404c73, close {}]
Capabilities {acceptInsecureCerts: false, browserName: chrome, browserVersion: 108.0.5359.125, chrome: {chromedriverVersion: 108.0.5359.71 (1e0e3868ee06..., userDataDir: C:\Users\vicky\AppData\Loca...}, goog:chromeOptions: {debuggerAddress: localhost:57972}, javascriptEnabled: true, networkConnectionEnabled: false, pageLoadStrategy: normal, platform: WINDOWS, platformName: WINDOWS, proxy: Proxy(), se:cdp: ws://localhost:57972/devtoo..., se:cdpVersion: 108.0.5359.125, setWindowRect: true, strictFileInteractability: false, timeouts: {implicit: 0, pageLoad: 300000, script: 30000}, unhandledPromptBehavior: dismiss and notify, webauthn:extension:credBlob: true, webauthn:extension:largeBlob: true, webauthn:virtualAuthenticators: true}
Session ID: b5359b8188aa26bb861f40c321404c73
at org.openqa.selenium.remote.codec.w3c.W3CHttpResponseCodec.createException(W3CHttpResponseCodec.java:200)
at org.openqa.selenium.remote.codec.w3c.W3CHttpResponseCodec.decode(W3CHttpResponseCodec.java:133)
at org.openqa.selenium.remote.codec.w3c.W3CHttpResponseCodec.decode(W3CHttpResponseCodec.java:53)
at org.openqa.selenium.remote.HttpCommandExecutor.execute(HttpCommandExecutor.java:184)
at org.openqa.selenium.remote.service.DriverCommandExecutor.invokeExecute(DriverCommandExecutor.java:164)
at org.openqa.selenium.remote.service.DriverCommandExecutor.execute(DriverCommandExecutor.java:139)
at org.openqa.selenium.remote.RemoteWebDriver.execute(RemoteWebDriver.java:559)
at org.openqa.selenium.remote.RemoteWebDriver.execute(RemoteWebDriver.java:614)
at org.openqa.selenium.remote.RemoteWebDriver.execute(RemoteWebDriver.java:618)
at org.openqa.selenium.remote.RemoteWebDriver.close(RemoteWebDriver.java:444)
at orangeHRM.utilities.Utils.closeBrowser(Utils.java:220)
at orangeHRM.base.BaseClass.testCloserIT(BaseClass.java:34)
at java.base/java.util.concurrent.ThreadPoolExecutor.runWorker(ThreadPoolExecutor.java:1136)
at java.base/java.util.concurrent.ThreadPoolExecutor$Worker.run(ThreadPoolExecutor.java:635)
at java.base/java.lang.Thread.run(Thread.java:833)
... Removed 22 stack frames]]>
    </failure>
  </testcase> <!-- @AfterMethod testCloserIT -->
  <testcase classname="orangeHRM.base.BaseClass" name="@BeforeMethod suiteInitializer" time="-1.673345498687E9">
    <skipped/>
  </testcase> <!-- @BeforeMethod suiteInitializer -->
  <testcase classname="orangeHRM.base.BaseClass" name="@AfterMethod testCloserIT" time="-1.673345498696E9">
    <skipped/>
  </testcase> <!-- @AfterMethod testCloserIT -->
  <testcase classname="orangeHRM.base.BaseClass" name="@BeforeMethod suiteInitializer" time="-1.673345498697E9">
    <skipped/>
  </testcase> <!-- @BeforeMethod suiteInitializer -->
  <testcase classname="orangeHRM.base.BaseClass" name="@AfterMethod testCloserIT" time="-1.673345498704E9">
    <skipped/>
  </testcase> <!-- @AfterMethod testCloserIT -->
  <testcase classname="orangeHRM.base.BaseClass" name="@BeforeMethod suiteInitializer" time="-1.673345498705E9">
    <skipped/>
  </testcase> <!-- @BeforeMethod suiteInitializer -->
  <testcase classname="orangeHRM.base.BaseClass" name="@AfterMethod testCloserIT" time="-1.673345498709E9">
    <skipped/>
  </testcase> <!-- @AfterMethod testCloserIT -->
  <testcase classname="orangeHRM.base.BaseClass" name="@BeforeMethod suiteInitializer" time="-1.67334549871E9">
    <skipped/>
  </testcase> <!-- @BeforeMethod suiteInitializer -->
  <testcase classname="orangeHRM.base.BaseClass" name="@AfterMethod testCloserIT" time="-1.673345498715E9">
    <skipped/>
  </testcase> <!-- @AfterMethod testCloserIT -->
  <testcase classname="orangeHRM.base.BaseClass" name="@BeforeMethod suiteInitializer" time="-1.673345498716E9">
    <skipped/>
  </testcase> <!-- @BeforeMethod suiteInitializer -->
  <testcase classname="orangeHRM.base.BaseClass" name="@AfterMethod testCloserIT" time="-1.67334549872E9">
    <skipped/>
  </testcase> <!-- @AfterMethod testCloserIT -->
  <testcase classname="orangeHRM.base.BaseClass" name="@BeforeMethod suiteInitializer" time="-1.673345498721E9">
    <skipped/>
  </testcase> <!-- @BeforeMethod suiteInitializer -->
  <testcase classname="orangeHRM.base.BaseClass" name="@AfterMethod testCloserIT" time="-1.673345498724E9">
    <skipped/>
  </testcase> <!-- @AfterMethod testCloserIT -->
  <testcase classname="orangeHRM.base.BaseClass" name="@BeforeMethod suiteInitializer" time="-1.673345498725E9">
    <skipped/>
  </testcase> <!-- @BeforeMethod suiteInitializer -->
  <testcase classname="orangeHRM.base.BaseClass" name="@AfterMethod testCloserIT" time="-1.673345498728E9">
    <skipped/>
  </testcase> <!-- @AfterMethod testCloserIT -->
  <testcase classname="orangeHRM.base.BaseClass" name="@BeforeMethod suiteInitializer" time="-1.673345498729E9">
    <skipped/>
  </testcase> <!-- @BeforeMethod suiteInitializer -->
  <testcase classname="orangeHRM.base.BaseClass" name="@AfterMethod testCloserIT" time="-1.673345498733E9">
    <skipped/>
  </testcase> <!-- @AfterMethod testCloserIT -->
  <testcase classname="orangeHRM.base.BaseClass" name="@BeforeMethod suiteInitializer" time="-1.673345498734E9">
    <skipped/>
  </testcase> <!-- @BeforeMethod suiteInitializer -->
  <testcase classname="orangeHRM.base.BaseClass" name="@AfterMethod testCloserIT" time="-1.673345498737E9">
    <skipped/>
  </testcase> <!-- @AfterMethod testCloserIT -->
  <testcase classname="orangeHRM.base.BaseClass" name="@BeforeMethod suiteInitializer" time="-1.673345498738E9">
    <skipped/>
  </testcase> <!-- @BeforeMethod suiteInitializer -->
  <testcase classname="orangeHRM.base.BaseClass" name="@AfterMethod testCloserIT" time="-1.673345498742E9">
    <skipped/>
  </testcase> <!-- @AfterMethod testCloserIT -->
  <testcase classname="orangeHRM.base.BaseClass" name="@BeforeMethod suiteInitializer" time="-1.673345498743E9">
    <skipped/>
  </testcase> <!-- @BeforeMethod suiteInitializer -->
  <testcase classname="orangeHRM.base.BaseClass" name="@AfterMethod testCloserIT" time="-1.673345498747E9">
    <skipped/>
  </testcase> <!-- @AfterMethod testCloserIT -->
  <testcase classname="orangeHRM.base.BaseClass" name="@BeforeMethod suiteInitializer" time="-1.673345498749E9">
    <skipped/>
  </testcase> <!-- @BeforeMethod suiteInitializer -->
  <testcase classname="orangeHRM.base.BaseClass" name="@AfterMethod testCloserIT" time="-1.673345498753E9">
    <skipped/>
  </testcase> <!-- @AfterMethod testCloserIT -->
  <testcase classname="orangeHRM.base.BaseClass" name="@BeforeMethod suiteInitializer" time="-1.673345498754E9">
    <skipped/>
  </testcase> <!-- @BeforeMethod suiteInitializer -->
  <testcase classname="orangeHRM.base.BaseClass" name="@AfterMethod testCloserIT" time="-1.673345498758E9">
    <skipped/>
  </testcase> <!-- @AfterMethod testCloserIT -->
  <testcase classname="orangeHRM.base.BaseClass" name="@BeforeMethod suiteInitializer" time="-1.673345498759E9">
    <skipped/>
  </testcase> <!-- @BeforeMethod suiteInitializer -->
  <testcase classname="orangeHRM.base.BaseClass" name="@AfterMethod testCloserIT" time="-1.673345498767E9">
    <skipped/>
  </testcase> <!-- @AfterMethod testCloserIT -->
  <testcase classname="orangeHRM.base.BaseClass" name="@BeforeMethod suiteInitializer" time="-1.673345498768E9">
    <skipped/>
  </testcase> <!-- @BeforeMethod suiteInitializer -->
  <testcase classname="orangeHRM.base.BaseClass" name="@AfterMethod testCloserIT" time="-1.673345498771E9">
    <skipped/>
  </testcase> <!-- @AfterMethod testCloserIT -->
  <testcase classname="orangeHRM.base.BaseClass" name="@BeforeMethod suiteInitializer" time="-1.673345498773E9">
    <skipped/>
  </testcase> <!-- @BeforeMethod suiteInitializer -->
  <testcase classname="orangeHRM.base.BaseClass" name="@AfterMethod testCloserIT" time="-1.673345498775E9">
    <skipped/>
  </testcase> <!-- @AfterMethod testCloserIT -->
  <testcase classname="orangeHRM.base.BaseClass" name="@BeforeMethod suiteInitializer" time="-1.673345498776E9">
    <skipped/>
  </testcase> <!-- @BeforeMethod suiteInitializer -->
  <testcase classname="orangeHRM.base.BaseClass" name="@AfterMethod testCloserIT" time="-1.673345498782E9">
    <skipped/>
  </testcase> <!-- @AfterMethod testCloserIT -->
  <testcase classname="orangeHRM.base.BaseClass" name="@BeforeMethod suiteInitializer" time="-1.673345498783E9">
    <skipped/>
  </testcase> <!-- @BeforeMethod suiteInitializer -->
  <testcase classname="orangeHRM.base.BaseClass" name="@AfterMethod testCloserIT" time="-1.673345498786E9">
    <skipped/>
  </testcase> <!-- @AfterMethod testCloserIT -->
  <testcase classname="orangeHRM.base.BaseClass" name="@BeforeMethod suiteInitializer" time="-1.673345498787E9">
    <skipped/>
  </testcase> <!-- @BeforeMethod suiteInitializer -->
  <testcase classname="orangeHRM.base.BaseClass" name="@AfterMethod testCloserIT" time="-1.673345498792E9">
    <skipped/>
  </testcase> <!-- @AfterMethod testCloserIT -->
  <testcase classname="orangeHRM.base.BaseClass" name="@BeforeMethod suiteInitializer" time="-1.673345498793E9">
    <skipped/>
  </testcase> <!-- @BeforeMethod suiteInitializer -->
  <testcase classname="orangeHRM.base.BaseClass" name="@AfterMethod testCloserIT" time="-1.673345498799E9">
    <skipped/>
  </testcase> <!-- @AfterMethod testCloserIT -->
  <testcase classname="orangeHRM.base.BaseClass" name="@BeforeMethod suiteInitializer" time="-1.6733454988E9">
    <skipped/>
  </testcase> <!-- @BeforeMethod suiteInitializer -->
  <testcase classname="orangeHRM.base.BaseClass" name="@AfterMethod testCloserIT" time="-1.673345498804E9">
    <skipped/>
  </testcase> <!-- @AfterMethod testCloserIT -->
  <testcase classname="orangeHRM.testcases.TestCases" name="TC_PIM_01" time="81.207"/>
  <testcase classname="orangeHRM.testcases.TestCases" name="TC_PIM_01" time="0.0">
    <skipped/>
  </testcase> <!-- TC_PIM_01 -->
  <testcase classname="orangeHRM.testcases.TestCases" name="TC_PIM_01" time="0.0">
    <skipped/>
  </testcase> <!-- TC_PIM_01 -->
  <testcase classname="orangeHRM.testcases.TestCases" name="TC_PIM_01" time="0.0">
    <skipped/>
  </testcase> <!-- TC_PIM_01 -->
  <testcase classname="orangeHRM.testcases.TestCases" name="TC_PIM_01" time="0.0">
    <skipped/>
  </testcase> <!-- TC_PIM_01 -->
  <testcase classname="orangeHRM.testcases.TestCases" name="TC_PIM_01" time="0.0">
    <skipped/>
  </testcase> <!-- TC_PIM_01 -->
  <testcase classname="orangeHRM.testcases.TestCases" name="TC_PIM_01" time="0.0">
    <skipped/>
  </testcase> <!-- TC_PIM_01 -->
  <testcase classname="orangeHRM.testcases.TestCases" name="TC_PIM_01" time="0.0">
    <skipped/>
  </testcase> <!-- TC_PIM_01 -->
  <testcase classname="orangeHRM.testcases.TestCases" name="TC_PIM_01" time="0.0">
    <skipped/>
  </testcase> <!-- TC_PIM_01 -->
  <testcase classname="orangeHRM.testcases.TestCases" name="TC_PIM_01" time="0.0">
    <skipped/>
  </testcase> <!-- TC_PIM_01 -->
  <testcase classname="orangeHRM.testcases.TestCases" name="TC_PIM_01" time="0.0">
    <skipped/>
  </testcase> <!-- TC_PIM_01 -->
  <testcase classname="orangeHRM.testcases.TestCases" name="TC_PIM_01" time="0.0">
    <skipped/>
  </testcase> <!-- TC_PIM_01 -->
  <testcase classname="orangeHRM.testcases.TestCases" name="TC_PIM_01" time="0.0">
    <skipped/>
  </testcase> <!-- TC_PIM_01 -->
  <testcase classname="orangeHRM.testcases.TestCases" name="TC_PIM_01" time="0.0">
    <skipped/>
  </testcase> <!-- TC_PIM_01 -->
  <testcase classname="orangeHRM.testcases.TestCases" name="TC_PIM_01" time="0.0">
    <skipped/>
  </testcase> <!-- TC_PIM_01 -->
  <testcase classname="orangeHRM.testcases.TestCases" name="TC_PIM_01" time="0.0">
    <skipped/>
  </testcase> <!-- TC_PIM_01 -->
  <testcase classname="orangeHRM.testcases.TestCases" name="TC_PIM_01" time="0.0">
    <skipped/>
  </testcase> <!-- TC_PIM_01 -->
  <testcase classname="orangeHRM.testcases.TestCases" name="TC_PIM_01" time="0.0">
    <skipped/>
  </testcase> <!-- TC_PIM_01 -->
  <testcase classname="orangeHRM.testcases.TestCases" name="TC_PIM_01" time="0.0">
    <skipped/>
  </testcase> <!-- TC_PIM_01 -->
  <testcase classname="orangeHRM.testcases.TestCases" name="TC_PIM_01" time="0.0">
    <skipped/>
  </testcase> <!-- TC_PIM_01 -->
  <testcase classname="orangeHRM.testcases.TestCases" name="TC_PIM_01" time="0.0">
    <skipped/>
  </testcase> <!-- TC_PIM_01 -->
  <testcase classname="orangeHRM.testcases.TestCases" name="TC_PIM_01" time="0.0">
    <skipped/>
  </testcase> <!-- TC_PIM_01 -->
</testsuite> <!-- Keyword search Test -->
