<?xml version="1.0" encoding="UTF-8"?>
<!-- Generated by org.testng.reporters.JUnitXMLReporter -->
<testsuite ignored="13" hostname="vicky" failures="0" tests="1" name="Login Test" time="11.956" errors="0" timestamp="2023-01-10T15:50:37 IST">
  <testcase classname="orangeHRM.testcases.TestCases" name="loginTest" time="1.142"/>
  <testcase classname="orangeHRM.testcases.TestCases" name="EmpTermination_TC_PIM_10" time="0.0">
    <ignored/>
  </testcase> <!-- EmpTermination_TC_PIM_10 -->
  <testcase classname="orangeHRM.testcases.TestCases" name="Emp_TaxExemptions_TC_PIM_13" time="0.0">
    <ignored/>
  </testcase> <!-- Emp_TaxExemptions_TC_PIM_13 -->
  <testcase classname="orangeHRM.testcases.TestCases" name="NewUserCreation_TC_PIM_03" time="0.0">
    <ignored/>
  </testcase> <!-- NewUserCreation_TC_PIM_03 -->
  <testcase classname="orangeHRM.testcases.TestCases" name="empDeatilsTab_TC_PIM_04" time="0.0">
    <ignored/>
  </testcase> <!-- empDeatilsTab_TC_PIM_04 -->
  <testcase classname="orangeHRM.testcases.TestCases" name="TC_PIM_01" time="0.0">
    <ignored/>
  </testcase> <!-- TC_PIM_01 -->
  <testcase classname="orangeHRM.testcases.TestCases" name="empActivation_TC_PIM_11" time="0.0">
    <ignored/>
  </testcase> <!-- empActivation_TC_PIM_11 -->
  <testcase classname="orangeHRM.testcases.TestCases" name="EmpJobDetailsUpdation_TC_PIM_09" time="0.0">
    <ignored/>
  </testcase> <!-- EmpJobDetailsUpdation_TC_PIM_09 -->
  <testcase classname="orangeHRM.testcases.TestCases" name="EmergencyConcactUpda_TC_PIM_07" time="0.0">
    <ignored/>
  </testcase> <!-- EmergencyConcactUpda_TC_PIM_07 -->
  <testcase classname="orangeHRM.testcases.TestCases" name="EmpDetailsUpdation_TC_PIM_05" time="0.0">
    <ignored/>
  </testcase> <!-- EmpDetailsUpdation_TC_PIM_05 -->
  <testcase classname="orangeHRM.testcases.TestCases" name="EmpContactDetails_TC_PIM_06" time="0.0">
    <ignored/>
  </testcase> <!-- EmpContactDetails_TC_PIM_06 -->
  <testcase classname="orangeHRM.testcases.TestCases" name="DropDown_TC_PIM_02" time="0.0">
    <ignored/>
  </testcase> <!-- DropDown_TC_PIM_02 -->
  <testcase classname="orangeHRM.testcases.TestCases" name="DependentsUpdation_TC_PIM_08" time="0.0">
    <ignored/>
  </testcase> <!-- DependentsUpdation_TC_PIM_08 -->
  <testcase classname="orangeHRM.testcases.TestCases" name="EmpSalaryUpdation_TC_PIM_12" time="0.0">
    <ignored/>
  </testcase> <!-- EmpSalaryUpdation_TC_PIM_12 -->
</testsuite> <!-- Login Test -->
